D:\vs\纵目\AA\\bin\ai_t10.exe
D:\vs\纵目\AA\\bin\ai_t10.pdb
D:\VS\纵目\AA\BIN\AI_T10.EXE
D:\VS\纵目\AA\BIN\AI_T10.PDB
D:\VS\纵目\AA\RELEASE\AA_MOTION.OBJ
D:\VS\纵目\AA\RELEASE\AI_T10.EXE.INTERMEDIATE.MANIFEST
D:\VS\纵目\AA\RELEASE\AI_T10.RES
D:\vs\纵目\AA\Release\ai_t10.vcxprojResolveAssemblyReference.cache
D:\vs\纵目\AA\Release\ai_t10.write.1.tlog
D:\VS\纵目\AA\RELEASE\CAMERADS.OBJ
D:\vs\纵目\AA\Release\cl.command.1.tlog
D:\vs\纵目\AA\Release\CL.read.1.tlog
D:\vs\纵目\AA\Release\CL.write.1.tlog
D:\VS\纵目\AA\RELEASE\CVBS_TSW_360E.OBJ
D:\VS\纵目\AA\RELEASE\DLG_AIU3_CONFIG.OBJ
D:\VS\纵目\AA\RELEASE\DLG_WEBCAM_CONFIG.OBJ
D:\VS\纵目\AA\RELEASE\FUN_AIU3.OBJ
D:\VS\纵目\AA\RELEASE\GUIDE_LINE.OBJ
D:\VS\纵目\AA\RELEASE\HISTOGRAM.OBJ
D:\VS\纵目\AA\RELEASE\HW_CONFIG.OBJ
D:\VS\纵目\AA\RELEASE\IMAGE.OBJ
D:\VS\纵目\AA\RELEASE\IMAGE_INFO.OBJ
D:\VS\纵目\AA\RELEASE\IMPORT_DLL.OBJ
D:\VS\纵目\AA\RELEASE\INF_MOTION_AA.OBJ
D:\VS\纵目\AA\RELEASE\INTERFACE.OBJ
D:\VS\纵目\AA\RELEASE\IO_FUNCTION.OBJ
D:\VS\纵目\AA\RELEASE\IO_KERNEL.OBJ
D:\vs\纵目\AA\Release\link.command.1.tlog
D:\vs\纵目\AA\Release\link.read.1.tlog
D:\vs\纵目\AA\Release\link.write.1.tlog
D:\vs\纵目\AA\Release\link-cvtres.read.1.tlog
D:\vs\纵目\AA\Release\link-cvtres.write.1.tlog
D:\VS\纵目\AA\RELEASE\LOG.OBJ
D:\VS\纵目\AA\RELEASE\MDLG.OBJ
D:\VS\纵目\AA\RELEASE\MEASURE.OBJ
D:\VS\纵目\AA\RELEASE\MOTIONS.OBJ
D:\VS\纵目\AA\RELEASE\MOTOR_DRV.OBJ
D:\vs\纵目\AA\Release\mt.command.1.tlog
D:\vs\纵目\AA\Release\mt.read.1.tlog
D:\vs\纵目\AA\Release\mt.write.1.tlog
D:\VS\纵目\AA\RELEASE\RAW_CONFIG.OBJ
D:\vs\纵目\AA\Release\rc.command.1.tlog
D:\vs\纵目\AA\Release\rc.read.1.tlog
D:\vs\纵目\AA\Release\rc.write.1.tlog
D:\VS\纵目\AA\RELEASE\READ_CNTR.OBJ
D:\VS\纵目\AA\RELEASE\RECIPE.OBJ
D:\VS\纵目\AA\RELEASE\RS232.OBJ
D:\VS\纵目\AA\RELEASE\SM101.OBJ
D:\VS\纵目\AA\RELEASE\SM102.OBJ
D:\VS\纵目\AA\RELEASE\SM103.OBJ
D:\VS\纵目\AA\RELEASE\SM104.OBJ
D:\VS\纵目\AA\RELEASE\SM201.OBJ
D:\VS\纵目\AA\RELEASE\SM202.OBJ
D:\VS\纵目\AA\RELEASE\SM203.OBJ
D:\VS\纵目\AA\RELEASE\SM204.OBJ
D:\VS\纵目\AA\RELEASE\T10.OBJ
D:\VS\纵目\AA\RELEASE\TCP_IP.OBJ
D:\VS\纵目\AA\RELEASE\TEST.OBJ
D:\VS\纵目\AA\RELEASE\TEST_CONFIG.OBJ
D:\VS\纵目\AA\RELEASE\TEST_REG_MARK_CHART.OBJ
D:\VS\纵目\AA\RELEASE\TEST_STD_CHART.OBJ
D:\VS\纵目\AA\RELEASE\TEST_WHITE.OBJ
D:\VS\纵目\AA\RELEASE\TS_SCREEN.OBJ
D:\VS\纵目\AA\RELEASE\USB_CAM.OBJ
D:\VS\纵目\AA\RELEASE\VC100.PDB
