D:\CODE\星际舟-0107\AA_NEW1224\AA_NEW1121\AA_NEW\AA\RELEASE\AA_MOTION.OBJ
D:\code\星际舟-0107\AA_new1224\AA_new1121\AA_new\AA\Release\cl.command.1.tlog
D:\code\星际舟-0107\AA_new1224\AA_new1121\AA_new\AA\Release\CL.read.1.tlog
D:\code\星际舟-0107\AA_new1224\AA_new1121\AA_new\AA\Release\CL.write.1.tlog
D:\CODE\星际舟-0107\AA_NEW1224\AA_NEW1121\AA_NEW\AA\RELEASE\CVBS_TSW_360E.OBJ
D:\CODE\星际舟-0107\AA_NEW1224\AA_NEW1121\AA_NEW\AA\RELEASE\GUIDE_LINE.OBJ
D:\CODE\星际舟-0107\AA_NEW1224\AA_NEW1121\AA_NEW\AA\RELEASE\HISTOGRAM.OBJ
D:\CODE\星际舟-0107\AA_NEW1224\AA_NEW1121\AA_NEW\AA\RELEASE\HW_CONFIG.OBJ
D:\CODE\星际舟-0107\AA_NEW1224\AA_NEW1121\AA_NEW\AA\RELEASE\IMAGE.OBJ
D:\CODE\星际舟-0107\AA_NEW1224\AA_NEW1121\AA_NEW\AA\RELEASE\IMAGE_INFO.OBJ
D:\CODE\星际舟-0107\AA_NEW1224\AA_NEW1121\AA_NEW\AA\RELEASE\IMPORT_DLL.OBJ
D:\CODE\星际舟-0107\AA_NEW1224\AA_NEW1121\AA_NEW\AA\RELEASE\INF_MOTION_AA.OBJ
D:\CODE\星际舟-0107\AA_NEW1224\AA_NEW1121\AA_NEW\AA\RELEASE\INF_MOTION_PI.OBJ
D:\CODE\星际舟-0107\AA_NEW1224\AA_NEW1121\AA_NEW\AA\RELEASE\INTERFACE.OBJ
D:\CODE\星际舟-0107\AA_NEW1224\AA_NEW1121\AA_NEW\AA\RELEASE\IO_FUNCTION.OBJ
D:\CODE\星际舟-0107\AA_NEW1224\AA_NEW1121\AA_NEW\AA\RELEASE\IO_KERNEL.OBJ
D:\code\星际舟-0107\AA_new1224\AA_new1121\AA_new\AA\Release\link.command.1.tlog
D:\code\星际舟-0107\AA_new1224\AA_new1121\AA_new\AA\Release\link.read.1.tlog
D:\code\星际舟-0107\AA_new1224\AA_new1121\AA_new\AA\Release\link.write.1.tlog
D:\CODE\星际舟-0107\AA_NEW1224\AA_NEW1121\AA_NEW\AA\RELEASE\LOG.OBJ
D:\CODE\星际舟-0107\AA_NEW1224\AA_NEW1121\AA_NEW\AA\RELEASE\MDLG.OBJ
D:\CODE\星际舟-0107\AA_NEW1224\AA_NEW1121\AA_NEW\AA\RELEASE\MEASURE.OBJ
D:\CODE\星际舟-0107\AA_NEW1224\AA_NEW1121\AA_NEW\AA\RELEASE\MIL_CAP.OBJ
D:\CODE\星际舟-0107\AA_NEW1224\AA_NEW1121\AA_NEW\AA\RELEASE\MOTIONS.OBJ
D:\CODE\星际舟-0107\AA_NEW1224\AA_NEW1121\AA_NEW\AA\RELEASE\MOTOR_DRV.OBJ
D:\CODE\星际舟-0107\AA_NEW1224\AA_NEW1121\AA_NEW\AA\RELEASE\PI_MOTION.OBJ
D:\code\星际舟-0107\AA_new1224\AA_new1121\AA_new\AA\Release\rc.command.1.tlog
D:\code\星际舟-0107\AA_new1224\AA_new1121\AA_new\AA\Release\rc.read.1.tlog
D:\code\星际舟-0107\AA_new1224\AA_new1121\AA_new\AA\Release\rc.write.1.tlog
D:\CODE\星际舟-0107\AA_NEW1224\AA_NEW1121\AA_NEW\AA\RELEASE\READ_CNTR.OBJ
D:\CODE\星际舟-0107\AA_NEW1224\AA_NEW1121\AA_NEW\AA\RELEASE\RECIPE.OBJ
D:\CODE\星际舟-0107\AA_NEW1224\AA_NEW1121\AA_NEW\AA\RELEASE\S_AA.OBJ
D:\code\星际舟-0107\AA_new1224\AA_new1121\AA_new\AA\Release\s_aa.write.1.tlog
D:\CODE\星际舟-0107\AA_NEW1224\AA_NEW1121\AA_NEW\AA\RELEASE\S_AA_PI_MIL.RES
D:\CODE\星际舟-0107\AA_NEW1224\AA_NEW1121\AA_NEW\AA\RELEASE\SM101.OBJ
D:\CODE\星际舟-0107\AA_NEW1224\AA_NEW1121\AA_NEW\AA\RELEASE\SM102.OBJ
D:\CODE\星际舟-0107\AA_NEW1224\AA_NEW1121\AA_NEW\AA\RELEASE\SM103.OBJ
D:\CODE\星际舟-0107\AA_NEW1224\AA_NEW1121\AA_NEW\AA\RELEASE\SM104.OBJ
D:\CODE\星际舟-0107\AA_NEW1224\AA_NEW1121\AA_NEW\AA\RELEASE\SM201.OBJ
D:\CODE\星际舟-0107\AA_NEW1224\AA_NEW1121\AA_NEW\AA\RELEASE\SM202.OBJ
D:\CODE\星际舟-0107\AA_NEW1224\AA_NEW1121\AA_NEW\AA\RELEASE\SM203.OBJ
D:\CODE\星际舟-0107\AA_NEW1224\AA_NEW1121\AA_NEW\AA\RELEASE\SM204.OBJ
D:\CODE\星际舟-0107\AA_NEW1224\AA_NEW1121\AA_NEW\AA\RELEASE\TCP_IP.OBJ
D:\CODE\星际舟-0107\AA_NEW1224\AA_NEW1121\AA_NEW\AA\RELEASE\TEST.OBJ
D:\CODE\星际舟-0107\AA_NEW1224\AA_NEW1121\AA_NEW\AA\RELEASE\TEST_CONFIG.OBJ
D:\CODE\星际舟-0107\AA_NEW1224\AA_NEW1121\AA_NEW\AA\RELEASE\TEST_REG_MARK_CHART.OBJ
D:\CODE\星际舟-0107\AA_NEW1224\AA_NEW1121\AA_NEW\AA\RELEASE\TS_SCREEN.OBJ
D:\CODE\星际舟-0107\AA_NEW1224\AA_NEW1121\AA_NEW\AA\RELEASE\USER_LOGIN.OBJ
D:\CODE\星际舟-0107\AA_NEW1224\AA_NEW1121\AA_NEW\AA\RELEASE\VC100.PDB
