生成启动时间为 2019/1/19 10:00:57。
     1>项目“D:\code\星际舟-0107\AA_new1224\AA_new1121\AA_new\AA\s_aa_pi_mil\s_aa_pi_mil.vcxproj”在节点 2 上(build 个目标)。
     1>C:\Program Files\MSBuild\Microsoft.Cpp\v4.0\Microsoft.CppBuild.targets(299,5): warning MSB8004: Output 目录未以斜杠结尾。此生成实例将添加斜杠，因为必须有这个斜杠才能正确计算 Output 目录。
     1>InitializeBuildStatus:
         正在对“D:\code\星际舟-0107\AA_new1224\AA_new1121\AA_new\AA\Debug\s_aa.unsuccessfulbuild”执行 Touch 任务。
       ClCompile:
         C:\Program Files\Microsoft Visual Studio 10.0\VC\bin\CL.exe /c /ZI /nologo /W3 /WX- /Od /Oy- /D WIN32 /D _DEBUG /D _WINDOWS /Gm /EHsc /RTC1 /MDd /GS /fp:precise /Zc:wchar_t /Zc:forScope /Fo"D:\code\星际舟-0107\AA_new1224\AA_new1121\AA_new\AA\Debug\\" /Fd"D:\code\星际舟-0107\AA_new1224\AA_new1121\AA_new\AA\Debug\vc100.pdb" /Gd /TP /analyze- /errorReport:prompt aa_motion.cpp cvbs_tsw_360e.cpp guide_line.cpp histogram.cpp hw_config.cpp image.cpp image_info.cpp import_dll.cpp inf_motion_aa.cpp inf_motion_pi.cpp interface.cpp log.cpp mdlg.cpp measure.cpp mil_cap.cpp motions.cpp okng_test.cpp pi_motion.cpp recipe.cpp s_aa.cpp save_set.cpp sm101.cpp sm102.cpp sm103.cpp sm104.cpp test.cpp test_config.cpp test_reg_mark_chart.cpp ts_screen.cpp user_login.cpp
         okng_test.cpp
     1>d:\code\星际舟-0107\aa_new1224\aa_new1121\aa_new\aa\s_aa_pi_mil\okng_test.cpp(55): warning C4996: 'sprintf': This function or variable may be unsafe. Consider using sprintf_s instead. To disable deprecation, use _CRT_SECURE_NO_WARNINGS. See online help for details.
                 c:\program files\microsoft visual studio 10.0\vc\include\stdio.h(371) : 参见“sprintf”的声明
     1>d:\code\星际舟-0107\aa_new1224\aa_new1121\aa_new\aa\s_aa_pi_mil\okng_test.cpp(105): warning C4060: switch 语句没有包含“case”或“default”标签
         正在生成代码...
         正在编译...
         user_login.cpp
     1>d:\code\星际舟-0107\aa_new1224\aa_new1121\aa_new\aa\s_aa_pi_mil\user_login.cpp(137): warning C4060: switch 语句没有包含“case”或“default”标签
     1>d:\code\星际舟-0107\aa_new1224\aa_new1121\aa_new\aa\s_aa_pi_mil\user_login.cpp(62): warning C4101: “timeout”: 未引用的局部变量
         ts_screen.cpp
     1>d:\code\星际舟-0107\aa_new1224\aa_new1121\aa_new\aa\s_aa_pi_mil\ts_screen.cpp(119): warning C4101: “st1”: 未引用的局部变量
     1>d:\code\星际舟-0107\aa_new1224\aa_new1121\aa_new\aa\s_aa_pi_mil\ts_screen.cpp(119): warning C4101: “st2”: 未引用的局部变量
     1>d:\code\星际舟-0107\aa_new1224\aa_new1121\aa_new\aa\s_aa_pi_mil\ts_screen.cpp(318): warning C4101: “st3”: 未引用的局部变量
         test_reg_mark_chart.cpp
     1>d:\code\星际舟-0107\aa_new1224\aa_new1121\aa_new\aa\s_aa_pi_mil\test_reg_mark_chart.cpp(951): warning C4244: “return”: 从“double”转换到“int”，可能丢失数据
     1>d:\code\星际舟-0107\aa_new1224\aa_new1121\aa_new\aa\s_aa_pi_mil\test_reg_mark_chart.cpp(968): warning C4244: “return”: 从“double”转换到“int”，可能丢失数据
         test_config.cpp
         test.cpp
         sm104.cpp
     1>d:\code\星际舟-0107\aa_new1224\aa_new1121\aa_new\aa\s_aa_pi_mil\sm104.cpp(229): warning C4244: “=”: 从“double”转换到“int”，可能丢失数据
     1>d:\code\星际舟-0107\aa_new1224\aa_new1121\aa_new\aa\s_aa_pi_mil\sm104.cpp(277): warning C4244: “=”: 从“double”转换到“int”，可能丢失数据
     1>d:\code\星际舟-0107\aa_new1224\aa_new1121\aa_new\aa\s_aa_pi_mil\sm104.cpp(294): warning C4244: “=”: 从“double”转换到“int”，可能丢失数据
     1>d:\code\星际舟-0107\aa_new1224\aa_new1121\aa_new\aa\s_aa_pi_mil\sm104.cpp(312): warning C4244: “=”: 从“double”转换到“int”，可能丢失数据
     1>d:\code\星际舟-0107\aa_new1224\aa_new1121\aa_new\aa\s_aa_pi_mil\sm104.cpp(329): warning C4244: “=”: 从“double”转换到“int”，可能丢失数据
     1>d:\code\星际舟-0107\aa_new1224\aa_new1121\aa_new\aa\s_aa_pi_mil\sm104.cpp(346): warning C4244: “=”: 从“double”转换到“int”，可能丢失数据
     1>d:\code\星际舟-0107\aa_new1224\aa_new1121\aa_new\aa\s_aa_pi_mil\sm104.cpp(363): warning C4244: “=”: 从“float”转换到“int”，可能丢失数据
     1>d:\code\星际舟-0107\aa_new1224\aa_new1121\aa_new\aa\s_aa_pi_mil\sm104.cpp(365): warning C4244: “=”: 从“float”转换到“int”，可能丢失数据
     1>d:\code\星际舟-0107\aa_new1224\aa_new1121\aa_new\aa\s_aa_pi_mil\sm104.cpp(366): warning C4244: “=”: 从“float”转换到“int”，可能丢失数据
         sm103.cpp
     1>d:\code\星际舟-0107\aa_new1224\aa_new1121\aa_new\aa\s_aa_pi_mil\sm103.cpp(228): warning C4244: “=”: 从“double”转换到“int”，可能丢失数据
     1>d:\code\星际舟-0107\aa_new1224\aa_new1121\aa_new\aa\s_aa_pi_mil\sm103.cpp(276): warning C4244: “=”: 从“double”转换到“int”，可能丢失数据
     1>d:\code\星际舟-0107\aa_new1224\aa_new1121\aa_new\aa\s_aa_pi_mil\sm103.cpp(293): warning C4244: “=”: 从“double”转换到“int”，可能丢失数据
     1>d:\code\星际舟-0107\aa_new1224\aa_new1121\aa_new\aa\s_aa_pi_mil\sm103.cpp(311): warning C4244: “=”: 从“double”转换到“int”，可能丢失数据
     1>d:\code\星际舟-0107\aa_new1224\aa_new1121\aa_new\aa\s_aa_pi_mil\sm103.cpp(328): warning C4244: “=”: 从“double”转换到“int”，可能丢失数据
     1>d:\code\星际舟-0107\aa_new1224\aa_new1121\aa_new\aa\s_aa_pi_mil\sm103.cpp(345): warning C4244: “=”: 从“double”转换到“int”，可能丢失数据
     1>d:\code\星际舟-0107\aa_new1224\aa_new1121\aa_new\aa\s_aa_pi_mil\sm103.cpp(362): warning C4244: “=”: 从“float”转换到“int”，可能丢失数据
     1>d:\code\星际舟-0107\aa_new1224\aa_new1121\aa_new\aa\s_aa_pi_mil\sm103.cpp(364): warning C4244: “=”: 从“float”转换到“int”，可能丢失数据
     1>d:\code\星际舟-0107\aa_new1224\aa_new1121\aa_new\aa\s_aa_pi_mil\sm103.cpp(365): warning C4244: “=”: 从“float”转换到“int”，可能丢失数据
         sm102.cpp
     1>d:\code\星际舟-0107\aa_new1224\aa_new1121\aa_new\aa\s_aa_pi_mil\sm102.cpp(228): warning C4244: “=”: 从“double”转换到“int”，可能丢失数据
     1>d:\code\星际舟-0107\aa_new1224\aa_new1121\aa_new\aa\s_aa_pi_mil\sm102.cpp(276): warning C4244: “=”: 从“double”转换到“int”，可能丢失数据
     1>d:\code\星际舟-0107\aa_new1224\aa_new1121\aa_new\aa\s_aa_pi_mil\sm102.cpp(293): warning C4244: “=”: 从“double”转换到“int”，可能丢失数据
     1>d:\code\星际舟-0107\aa_new1224\aa_new1121\aa_new\aa\s_aa_pi_mil\sm102.cpp(311): warning C4244: “=”: 从“double”转换到“int”，可能丢失数据
     1>d:\code\星际舟-0107\aa_new1224\aa_new1121\aa_new\aa\s_aa_pi_mil\sm102.cpp(328): warning C4244: “=”: 从“double”转换到“int”，可能丢失数据
     1>d:\code\星际舟-0107\aa_new1224\aa_new1121\aa_new\aa\s_aa_pi_mil\sm102.cpp(345): warning C4244: “=”: 从“double”转换到“int”，可能丢失数据
     1>d:\code\星际舟-0107\aa_new1224\aa_new1121\aa_new\aa\s_aa_pi_mil\sm102.cpp(362): warning C4244: “=”: 从“float”转换到“int”，可能丢失数据
     1>d:\code\星际舟-0107\aa_new1224\aa_new1121\aa_new\aa\s_aa_pi_mil\sm102.cpp(364): warning C4244: “=”: 从“float”转换到“int”，可能丢失数据
     1>d:\code\星际舟-0107\aa_new1224\aa_new1121\aa_new\aa\s_aa_pi_mil\sm102.cpp(365): warning C4244: “=”: 从“float”转换到“int”，可能丢失数据
         sm101.cpp
     1>已完成生成项目“D:\code\星际舟-0107\AA_new1224\AA_new1121\AA_new\AA\s_aa_pi_mil\s_aa_pi_mil.vcxproj”(build 个目标)的操作 - 失败。

生成失败。

已用时间 00:00:08.71
