生成启动时间为 2019/1/28 16:54:42。
     1>项目“C:\Users\lucky\Desktop\ALL\win32_demo_img_blemish\win32_demo\win32_demo.vcxproj”在节点 2 上(build 个目标)。
     1>InitializeBuildStatus:
         正在创建“C:\Users\lucky\Desktop\ALL\win32_demo_img_blemish\\Debug\win32_demo.unsuccessfulbuild”，因为已指定“AlwaysCreate”。
       ClCompile:
         C:\Program Files (x86)\Microsoft Visual Studio 10.0\VC\bin\CL.exe /c /ZI /nologo /W3 /WX- /Od /Oy- /D WIN32 /D _DEBUG /D _WINDOWS /Gm /EHsc /RTC1 /MDd /GS /fp:precise /Zc:wchar_t /Zc:forScope /Fo"C:\Users\lucky\Desktop\ALL\win32_demo_img_blemish\\Debug\\" /Fd"C:\Users\lucky\Desktop\ALL\win32_demo_img_blemish\\Debug\vc100.pdb" /Gd /TP /analyze- /errorReport:prompt win32_demo.cpp
         win32_demo.cpp
     1>c:\users\lucky\desktop\all\win32_demo_img_blemish\win32_demo\creatwnd.h(31): warning C4091: “static ”: 没有声明变量时忽略“Wnd”的左侧
     1>c:\users\lucky\desktop\all\win32_demo_img_blemish\win32_demo\win32_demo.cpp(481): warning C4060: switch 语句没有包含“case”或“default”标签
     1>c:\users\lucky\desktop\all\win32_demo_img_blemish\win32_demo\win32_demo.cpp(492): warning C4101: “w”: 未引用的局部变量
     1>c:\users\lucky\desktop\all\win32_demo_img_blemish\win32_demo\win32_demo.cpp(492): warning C4101: “h”: 未引用的局部变量
       ResourceCompile:
         所有输出均为最新。
       ManifestResourceCompile:
         所有输出均为最新。
       Link:
         C:\Program Files (x86)\Microsoft Visual Studio 10.0\VC\bin\link.exe /ERRORREPORT:PROMPT /OUT:"C:\Users\lucky\Desktop\ALL\win32_demo_img_blemish\\bin\win32_demo_d.exe" /INCREMENTAL /NOLOGO opencv_ml2410d.lib opencv_calib3d2410d.lib opencv_contrib2410d.lib opencv_core2410d.lib opencv_features2d2410d.lib opencv_flann2410d.lib opencv_gpu2410d.lib opencv_highgui2410d.lib opencv_imgproc2410d.lib opencv_legacy2410d.lib opencv_objdetect2410d.lib opencv_ts2410d.lib opencv_video2410d.lib opencv_nonfree2410d.lib opencv_ocl2410d.lib opencv_photo2410d.lib opencv_stitching2410d.lib opencv_superres2410d.lib opencv_videostab2410d.lib opencv_objdetect2410.lib opencv_ts2410.lib opencv_video2410.lib opencv_nonfree2410.lib opencv_ocl2410.lib opencv_photo2410.lib opencv_stitching2410.lib opencv_superres2410.lib opencv_videostab2410.lib opencv_calib3d2410.lib opencv_contrib2410.lib opencv_core2410.lib opencv_features2d2410.lib opencv_flann2410.lib opencv_gpu2410.lib opencv_highgui2410.lib opencv_imgproc2410.lib opencv_legacy2410.lib opencv_ml2410.lib kernel32.lib user32.lib gdi32.lib winspool.lib comdlg32.lib advapi32.lib shell32.lib ole32.lib oleaut32.lib uuid.lib odbc32.lib odbccp32.lib /MANIFEST /ManifestFile:"C:\Users\lucky\Desktop\ALL\win32_demo_img_blemish\\Debug\win32_demo_d.exe.intermediate.manifest" /MANIFESTUAC:"level='asInvoker' uiAccess='false'" /DEBUG /PDB:"C:\Users\lucky\Desktop\ALL\win32_demo_img_blemish\bin\win32_demo_d.pdb" /SUBSYSTEM:WINDOWS /TLBID:1 /DYNAMICBASE /NXCOMPAT /IMPLIB:"C:\Users\lucky\Desktop\ALL\win32_demo_img_blemish\\bin\win32_demo_d.lib" /MACHINE:X86 C:\Users\lucky\Desktop\ALL\win32_demo_img_blemish\\Debug\win32_demo.res
         C:\Users\lucky\Desktop\ALL\win32_demo_img_blemish\\Debug\win32_demo_d.exe.embed.manifest.res
         C:\Users\lucky\Desktop\ALL\win32_demo_img_blemish\\Debug\21_qiuhe.obj
         C:\Users\lucky\Desktop\ALL\win32_demo_img_blemish\\Debug\221_jingxiang.obj
         C:\Users\lucky\Desktop\ALL\win32_demo_img_blemish\\Debug\223_huiduhua.obj
         C:\Users\lucky\Desktop\ALL\win32_demo_img_blemish\\Debug\224_yasuo.obj
         C:\Users\lucky\Desktop\ALL\win32_demo_img_blemish\\Debug\225_jianche.obj
         C:\Users\lucky\Desktop\ALL\win32_demo_img_blemish\\Debug\226_guolv.obj
         C:\Users\lucky\Desktop\ALL\win32_demo_img_blemish\\Debug\227_TCPIP.obj
         C:\Users\lucky\Desktop\ALL\win32_demo_img_blemish\\Debug\228_PI.obj
         C:\Users\lucky\Desktop\ALL\win32_demo_img_blemish\\Debug\qiuhe.obj
         C:\Users\lucky\Desktop\ALL\win32_demo_img_blemish\\Debug\tuxiang.obj
         C:\Users\lucky\Desktop\ALL\win32_demo_img_blemish\\Debug\win32_demo.obj
       Manifest:
         C:\Program Files (x86)\Microsoft SDKs\Windows\v7.0A\bin\mt.exe /nologo /verbose /out:"C:\Users\lucky\Desktop\ALL\win32_demo_img_blemish\\Debug\win32_demo_d.exe.embed.manifest" /manifest C:\Users\lucky\Desktop\ALL\win32_demo_img_blemish\\Debug\win32_demo_d.exe.intermediate.manifest
         所有输出均为最新。
       LinkEmbedManifest:
         所有输出均为最新。
         win32_demo.vcxproj -> C:\Users\lucky\Desktop\ALL\win32_demo_img_blemish\\bin\win32_demo_d.exe
       FinalizeBuildStatus:
         正在删除文件“C:\Users\lucky\Desktop\ALL\win32_demo_img_blemish\\Debug\win32_demo.unsuccessfulbuild”。
         正在对“C:\Users\lucky\Desktop\ALL\win32_demo_img_blemish\\Debug\win32_demo.lastbuildstate”执行 Touch 任务。
     1>已完成生成项目“C:\Users\lucky\Desktop\ALL\win32_demo_img_blemish\win32_demo\win32_demo.vcxproj”(build 个目标)的操作。

生成成功。

已用时间 00:00:01.84
