D:\zhj\weixin\WeChat Files\zhj_0219\Files\win32_demo_img_blemish (3)\win32_demo_img_blemish1\win32_demo_img_blemish\\bin\win32_demo_d.exe
D:\zhj\weixin\WeChat Files\zhj_0219\Files\win32_demo_img_blemish (3)\win32_demo_img_blemish1\win32_demo_img_blemish\\bin\win32_demo_d.ilk
D:\zhj\weixin\WeChat Files\zhj_0219\Files\win32_demo_img_blemish (3)\win32_demo_img_blemish1\win32_demo_img_blemish\\bin\win32_demo_d.pdb
D:\ZHJ\WEIXIN\WECHAT FILES\ZHJ_0219\FILES\WIN32_DEMO_IMG_BLEMISH (3)\WIN32_DEMO_IMG_BLEMISH1\WIN32_DEMO_IMG_BLEMISH\BIN\WIN32_DEMO_D.EXE
D:\ZHJ\WEIXIN\WECHAT FILES\ZHJ_0219\FILES\WIN32_DEMO_IMG_BLEMISH (3)\WIN32_DEMO_IMG_BLEMISH1\WIN32_DEMO_IMG_BLEMISH\BIN\WIN32_DEMO_D.ILK
D:\ZHJ\WEIXIN\WECHAT FILES\ZHJ_0219\FILES\WIN32_DEMO_IMG_BLEMISH (3)\WIN32_DEMO_IMG_BLEMISH1\WIN32_DEMO_IMG_BLEMISH\BIN\WIN32_DEMO_D.PDB
D:\zhj\weixin\WeChat Files\zhj_0219\Files\win32_demo_img_blemish (3)\win32_demo_img_blemish1\win32_demo_img_blemish\Debug\cl.command.1.tlog
D:\zhj\weixin\WeChat Files\zhj_0219\Files\win32_demo_img_blemish (3)\win32_demo_img_blemish1\win32_demo_img_blemish\Debug\CL.read.1.tlog
D:\zhj\weixin\WeChat Files\zhj_0219\Files\win32_demo_img_blemish (3)\win32_demo_img_blemish1\win32_demo_img_blemish\Debug\CL.write.1.tlog
D:\zhj\weixin\WeChat Files\zhj_0219\Files\win32_demo_img_blemish (3)\win32_demo_img_blemish1\win32_demo_img_blemish\Debug\link.16256.read.1.tlog
D:\zhj\weixin\WeChat Files\zhj_0219\Files\win32_demo_img_blemish (3)\win32_demo_img_blemish1\win32_demo_img_blemish\Debug\link.16256.write.1.tlog
D:\zhj\weixin\WeChat Files\zhj_0219\Files\win32_demo_img_blemish (3)\win32_demo_img_blemish1\win32_demo_img_blemish\Debug\link.16256-cvtres.read.1.tlog
D:\zhj\weixin\WeChat Files\zhj_0219\Files\win32_demo_img_blemish (3)\win32_demo_img_blemish1\win32_demo_img_blemish\Debug\link.16256-cvtres.write.1.tlog
D:\zhj\weixin\WeChat Files\zhj_0219\Files\win32_demo_img_blemish (3)\win32_demo_img_blemish1\win32_demo_img_blemish\Debug\link.16468.read.1.tlog
D:\zhj\weixin\WeChat Files\zhj_0219\Files\win32_demo_img_blemish (3)\win32_demo_img_blemish1\win32_demo_img_blemish\Debug\link.16468.write.1.tlog
D:\zhj\weixin\WeChat Files\zhj_0219\Files\win32_demo_img_blemish (3)\win32_demo_img_blemish1\win32_demo_img_blemish\Debug\link.16468-cvtres.read.1.tlog
D:\zhj\weixin\WeChat Files\zhj_0219\Files\win32_demo_img_blemish (3)\win32_demo_img_blemish1\win32_demo_img_blemish\Debug\link.16468-cvtres.write.1.tlog
D:\zhj\weixin\WeChat Files\zhj_0219\Files\win32_demo_img_blemish (3)\win32_demo_img_blemish1\win32_demo_img_blemish\Debug\link.17028.read.1.tlog
D:\zhj\weixin\WeChat Files\zhj_0219\Files\win32_demo_img_blemish (3)\win32_demo_img_blemish1\win32_demo_img_blemish\Debug\link.17028.write.1.tlog
D:\zhj\weixin\WeChat Files\zhj_0219\Files\win32_demo_img_blemish (3)\win32_demo_img_blemish1\win32_demo_img_blemish\Debug\link.17028-cvtres.read.1.tlog
D:\zhj\weixin\WeChat Files\zhj_0219\Files\win32_demo_img_blemish (3)\win32_demo_img_blemish1\win32_demo_img_blemish\Debug\link.17028-cvtres.write.1.tlog
D:\zhj\weixin\WeChat Files\zhj_0219\Files\win32_demo_img_blemish (3)\win32_demo_img_blemish1\win32_demo_img_blemish\Debug\link.17324.read.1.tlog
D:\zhj\weixin\WeChat Files\zhj_0219\Files\win32_demo_img_blemish (3)\win32_demo_img_blemish1\win32_demo_img_blemish\Debug\link.17324.write.1.tlog
D:\zhj\weixin\WeChat Files\zhj_0219\Files\win32_demo_img_blemish (3)\win32_demo_img_blemish1\win32_demo_img_blemish\Debug\link.17324-cvtres.read.1.tlog
D:\zhj\weixin\WeChat Files\zhj_0219\Files\win32_demo_img_blemish (3)\win32_demo_img_blemish1\win32_demo_img_blemish\Debug\link.17324-cvtres.write.1.tlog
D:\zhj\weixin\WeChat Files\zhj_0219\Files\win32_demo_img_blemish (3)\win32_demo_img_blemish1\win32_demo_img_blemish\Debug\link.2124.read.1.tlog
D:\zhj\weixin\WeChat Files\zhj_0219\Files\win32_demo_img_blemish (3)\win32_demo_img_blemish1\win32_demo_img_blemish\Debug\link.2124.write.1.tlog
D:\zhj\weixin\WeChat Files\zhj_0219\Files\win32_demo_img_blemish (3)\win32_demo_img_blemish1\win32_demo_img_blemish\Debug\link.2124-cvtres.read.1.tlog
D:\zhj\weixin\WeChat Files\zhj_0219\Files\win32_demo_img_blemish (3)\win32_demo_img_blemish1\win32_demo_img_blemish\Debug\link.2124-cvtres.write.1.tlog
D:\zhj\weixin\WeChat Files\zhj_0219\Files\win32_demo_img_blemish (3)\win32_demo_img_blemish1\win32_demo_img_blemish\Debug\link.4620.read.1.tlog
D:\zhj\weixin\WeChat Files\zhj_0219\Files\win32_demo_img_blemish (3)\win32_demo_img_blemish1\win32_demo_img_blemish\Debug\link.4620.write.1.tlog
D:\zhj\weixin\WeChat Files\zhj_0219\Files\win32_demo_img_blemish (3)\win32_demo_img_blemish1\win32_demo_img_blemish\Debug\link.4620-cvtres.read.1.tlog
D:\zhj\weixin\WeChat Files\zhj_0219\Files\win32_demo_img_blemish (3)\win32_demo_img_blemish1\win32_demo_img_blemish\Debug\link.4620-cvtres.write.1.tlog
D:\zhj\weixin\WeChat Files\zhj_0219\Files\win32_demo_img_blemish (3)\win32_demo_img_blemish1\win32_demo_img_blemish\Debug\link.4836.read.1.tlog
D:\zhj\weixin\WeChat Files\zhj_0219\Files\win32_demo_img_blemish (3)\win32_demo_img_blemish1\win32_demo_img_blemish\Debug\link.4836.write.1.tlog
D:\zhj\weixin\WeChat Files\zhj_0219\Files\win32_demo_img_blemish (3)\win32_demo_img_blemish1\win32_demo_img_blemish\Debug\link.4836-cvtres.read.1.tlog
D:\zhj\weixin\WeChat Files\zhj_0219\Files\win32_demo_img_blemish (3)\win32_demo_img_blemish1\win32_demo_img_blemish\Debug\link.4836-cvtres.write.1.tlog
D:\zhj\weixin\WeChat Files\zhj_0219\Files\win32_demo_img_blemish (3)\win32_demo_img_blemish1\win32_demo_img_blemish\Debug\link.5608.read.1.tlog
D:\zhj\weixin\WeChat Files\zhj_0219\Files\win32_demo_img_blemish (3)\win32_demo_img_blemish1\win32_demo_img_blemish\Debug\link.5608.write.1.tlog
D:\zhj\weixin\WeChat Files\zhj_0219\Files\win32_demo_img_blemish (3)\win32_demo_img_blemish1\win32_demo_img_blemish\Debug\link.5608-cvtres.read.1.tlog
D:\zhj\weixin\WeChat Files\zhj_0219\Files\win32_demo_img_blemish (3)\win32_demo_img_blemish1\win32_demo_img_blemish\Debug\link.5608-cvtres.write.1.tlog
D:\zhj\weixin\WeChat Files\zhj_0219\Files\win32_demo_img_blemish (3)\win32_demo_img_blemish1\win32_demo_img_blemish\Debug\link.6856.read.1.tlog
D:\zhj\weixin\WeChat Files\zhj_0219\Files\win32_demo_img_blemish (3)\win32_demo_img_blemish1\win32_demo_img_blemish\Debug\link.6856.write.1.tlog
D:\zhj\weixin\WeChat Files\zhj_0219\Files\win32_demo_img_blemish (3)\win32_demo_img_blemish1\win32_demo_img_blemish\Debug\link.6856-cvtres.read.1.tlog
D:\zhj\weixin\WeChat Files\zhj_0219\Files\win32_demo_img_blemish (3)\win32_demo_img_blemish1\win32_demo_img_blemish\Debug\link.6856-cvtres.write.1.tlog
D:\zhj\weixin\WeChat Files\zhj_0219\Files\win32_demo_img_blemish (3)\win32_demo_img_blemish1\win32_demo_img_blemish\Debug\link.7092.read.1.tlog
D:\zhj\weixin\WeChat Files\zhj_0219\Files\win32_demo_img_blemish (3)\win32_demo_img_blemish1\win32_demo_img_blemish\Debug\link.7092.write.1.tlog
D:\zhj\weixin\WeChat Files\zhj_0219\Files\win32_demo_img_blemish (3)\win32_demo_img_blemish1\win32_demo_img_blemish\Debug\link.7092-cvtres.read.1.tlog
D:\zhj\weixin\WeChat Files\zhj_0219\Files\win32_demo_img_blemish (3)\win32_demo_img_blemish1\win32_demo_img_blemish\Debug\link.7092-cvtres.write.1.tlog
D:\zhj\weixin\WeChat Files\zhj_0219\Files\win32_demo_img_blemish (3)\win32_demo_img_blemish1\win32_demo_img_blemish\Debug\link.7248.read.1.tlog
D:\zhj\weixin\WeChat Files\zhj_0219\Files\win32_demo_img_blemish (3)\win32_demo_img_blemish1\win32_demo_img_blemish\Debug\link.7248.write.1.tlog
D:\zhj\weixin\WeChat Files\zhj_0219\Files\win32_demo_img_blemish (3)\win32_demo_img_blemish1\win32_demo_img_blemish\Debug\link.7248-cvtres.read.1.tlog
D:\zhj\weixin\WeChat Files\zhj_0219\Files\win32_demo_img_blemish (3)\win32_demo_img_blemish1\win32_demo_img_blemish\Debug\link.7248-cvtres.write.1.tlog
D:\zhj\weixin\WeChat Files\zhj_0219\Files\win32_demo_img_blemish (3)\win32_demo_img_blemish1\win32_demo_img_blemish\Debug\link.7964.read.1.tlog
D:\zhj\weixin\WeChat Files\zhj_0219\Files\win32_demo_img_blemish (3)\win32_demo_img_blemish1\win32_demo_img_blemish\Debug\link.7964.write.1.tlog
D:\zhj\weixin\WeChat Files\zhj_0219\Files\win32_demo_img_blemish (3)\win32_demo_img_blemish1\win32_demo_img_blemish\Debug\link.7964-cvtres.read.1.tlog
D:\zhj\weixin\WeChat Files\zhj_0219\Files\win32_demo_img_blemish (3)\win32_demo_img_blemish1\win32_demo_img_blemish\Debug\link.7964-cvtres.write.1.tlog
D:\zhj\weixin\WeChat Files\zhj_0219\Files\win32_demo_img_blemish (3)\win32_demo_img_blemish1\win32_demo_img_blemish\Debug\link.8444.read.1.tlog
D:\zhj\weixin\WeChat Files\zhj_0219\Files\win32_demo_img_blemish (3)\win32_demo_img_blemish1\win32_demo_img_blemish\Debug\link.8444.write.1.tlog
D:\zhj\weixin\WeChat Files\zhj_0219\Files\win32_demo_img_blemish (3)\win32_demo_img_blemish1\win32_demo_img_blemish\Debug\link.8444-cvtres.read.1.tlog
D:\zhj\weixin\WeChat Files\zhj_0219\Files\win32_demo_img_blemish (3)\win32_demo_img_blemish1\win32_demo_img_blemish\Debug\link.8444-cvtres.write.1.tlog
D:\zhj\weixin\WeChat Files\zhj_0219\Files\win32_demo_img_blemish (3)\win32_demo_img_blemish1\win32_demo_img_blemish\Debug\link.9812.read.1.tlog
D:\zhj\weixin\WeChat Files\zhj_0219\Files\win32_demo_img_blemish (3)\win32_demo_img_blemish1\win32_demo_img_blemish\Debug\link.9812.write.1.tlog
D:\zhj\weixin\WeChat Files\zhj_0219\Files\win32_demo_img_blemish (3)\win32_demo_img_blemish1\win32_demo_img_blemish\Debug\link.9812-cvtres.read.1.tlog
D:\zhj\weixin\WeChat Files\zhj_0219\Files\win32_demo_img_blemish (3)\win32_demo_img_blemish1\win32_demo_img_blemish\Debug\link.9812-cvtres.write.1.tlog
D:\zhj\weixin\WeChat Files\zhj_0219\Files\win32_demo_img_blemish (3)\win32_demo_img_blemish1\win32_demo_img_blemish\Debug\link.command.1.tlog
D:\zhj\weixin\WeChat Files\zhj_0219\Files\win32_demo_img_blemish (3)\win32_demo_img_blemish1\win32_demo_img_blemish\Debug\link.read.1.tlog
D:\zhj\weixin\WeChat Files\zhj_0219\Files\win32_demo_img_blemish (3)\win32_demo_img_blemish1\win32_demo_img_blemish\Debug\link.write.1.tlog
D:\zhj\weixin\WeChat Files\zhj_0219\Files\win32_demo_img_blemish (3)\win32_demo_img_blemish1\win32_demo_img_blemish\Debug\link-cvtres.read.1.tlog
D:\zhj\weixin\WeChat Files\zhj_0219\Files\win32_demo_img_blemish (3)\win32_demo_img_blemish1\win32_demo_img_blemish\Debug\link-cvtres.write.1.tlog
D:\zhj\weixin\WeChat Files\zhj_0219\Files\win32_demo_img_blemish (3)\win32_demo_img_blemish1\win32_demo_img_blemish\Debug\mt.command.1.tlog
D:\zhj\weixin\WeChat Files\zhj_0219\Files\win32_demo_img_blemish (3)\win32_demo_img_blemish1\win32_demo_img_blemish\Debug\mt.read.1.tlog
D:\zhj\weixin\WeChat Files\zhj_0219\Files\win32_demo_img_blemish (3)\win32_demo_img_blemish1\win32_demo_img_blemish\Debug\mt.write.1.tlog
D:\zhj\weixin\WeChat Files\zhj_0219\Files\win32_demo_img_blemish (3)\win32_demo_img_blemish1\win32_demo_img_blemish\Debug\rc.command.1.tlog
D:\zhj\weixin\WeChat Files\zhj_0219\Files\win32_demo_img_blemish (3)\win32_demo_img_blemish1\win32_demo_img_blemish\Debug\rc.read.1.tlog
D:\zhj\weixin\WeChat Files\zhj_0219\Files\win32_demo_img_blemish (3)\win32_demo_img_blemish1\win32_demo_img_blemish\Debug\rc.write.1.tlog
D:\zhj\weixin\WeChat Files\zhj_0219\Files\win32_demo_img_blemish (3)\win32_demo_img_blemish1\win32_demo_img_blemish\Debug\vc100.idb
D:\ZHJ\WEIXIN\WECHAT FILES\ZHJ_0219\FILES\WIN32_DEMO_IMG_BLEMISH (3)\WIN32_DEMO_IMG_BLEMISH1\WIN32_DEMO_IMG_BLEMISH\DEBUG\VC100.PDB
D:\ZHJ\WEIXIN\WECHAT FILES\ZHJ_0219\FILES\WIN32_DEMO_IMG_BLEMISH (3)\WIN32_DEMO_IMG_BLEMISH1\WIN32_DEMO_IMG_BLEMISH\DEBUG\WIN32_DEMO.OBJ
D:\ZHJ\WEIXIN\WECHAT FILES\ZHJ_0219\FILES\WIN32_DEMO_IMG_BLEMISH (3)\WIN32_DEMO_IMG_BLEMISH1\WIN32_DEMO_IMG_BLEMISH\DEBUG\WIN32_DEMO.RES
D:\zhj\weixin\WeChat Files\zhj_0219\Files\win32_demo_img_blemish (3)\win32_demo_img_blemish1\win32_demo_img_blemish\Debug\win32_demo.vcxprojResolveAssemblyReference.cache
D:\zhj\weixin\WeChat Files\zhj_0219\Files\win32_demo_img_blemish (3)\win32_demo_img_blemish1\win32_demo_img_blemish\Debug\win32_demo.write.1.tlog
D:\ZHJ\WEIXIN\WECHAT FILES\ZHJ_0219\FILES\WIN32_DEMO_IMG_BLEMISH (3)\WIN32_DEMO_IMG_BLEMISH1\WIN32_DEMO_IMG_BLEMISH\DEBUG\WIN32_DEMO_D.EXE.EMBED.MANIFEST
D:\ZHJ\WEIXIN\WECHAT FILES\ZHJ_0219\FILES\WIN32_DEMO_IMG_BLEMISH (3)\WIN32_DEMO_IMG_BLEMISH1\WIN32_DEMO_IMG_BLEMISH\DEBUG\WIN32_DEMO_D.EXE.EMBED.MANIFEST.RES
D:\ZHJ\WEIXIN\WECHAT FILES\ZHJ_0219\FILES\WIN32_DEMO_IMG_BLEMISH (3)\WIN32_DEMO_IMG_BLEMISH1\WIN32_DEMO_IMG_BLEMISH\DEBUG\WIN32_DEMO_D.EXE.INTERMEDIATE.MANIFEST
D:\zhj\weixin\WeChat Files\zhj_0219\Files\win32_demo_img_blemish (3)\win32_demo_img_blemish1\win32_demo_img_blemish\Debug\win32_demo_d_manifest.rc
